(---------------------------------------------------------------------)
(                                                                     )
(    Allegro Netrev Import Logic                                      )
(                                                                     )
(    Drawing          : board.brd                                     )
(    Software Version : 17.2S034                                      )
(    Date/Time        : Wed Apr 04 19:37:06 2018                      )
(                                                                     )
(---------------------------------------------------------------------)


------ Directives ------------

Ripup etch:                  No
Ripup delete first segment:  No
Ripup retain bondwire:       No
Ripup symbols:               Always
Missing symbol has error:    No
DRC update:                  Yes
Schematic directory:         'C:/Users/jlong53/Desktop/BoardLayout'
Design Directory:            'C:/Users/jlong53/Desktop/BoardLayout'
Old design name:             'C:/Users/jlong53/Desktop/BoardLayout/board.brd'
New design name:             'C:/Users/jlong53/Desktop/BoardLayout/board.brd'

CmdLine: netrev -$ -i C:/Users/jlong53/Desktop/BoardLayout -y 1 -h -q netrev_constraint_report.xml C:/Users/jlong53/Desktop/BoardLayout/#Taaaabz10724.tmp

------ Preparing to read pst files ------

Starting to read C:/Users/jlong53/Desktop/BoardLayout/pstchip.dat 
   Finished reading C:/Users/jlong53/Desktop/BoardLayout/pstchip.dat (00:00:00.04)
Starting to read C:/Users/jlong53/Desktop/BoardLayout/pstxprt.dat 
   Finished reading C:/Users/jlong53/Desktop/BoardLayout/pstxprt.dat (00:00:00.00)
Starting to read C:/Users/jlong53/Desktop/BoardLayout/pstxnet.dat 
   Finished reading C:/Users/jlong53/Desktop/BoardLayout/pstxnet.dat (00:00:00.00)

------ Oversights/Warnings/Errors ------


------ Library Paths ------
MODULEPATH =  . 
           C:/Cadence/SPB_17.2/share/local/pcb/modules 

PSMPATH =  . 
           symbols 
           .. 
           ../symbols 
           C:/Cadence/SPB_17.2/share/local/pcb/symbols 
           C:/Cadence/SPB_17.2/share/pcb/pcb_lib/symbols 
           C:/Cadence/SPB_17.2/share/pcb/allegrolib/symbols 

PADPATH =  . 
           symbols 
           .. 
           ../symbols 
           C:/Cadence/SPB_17.2/share/local/pcb/padstacks 
           C:/Cadence/SPB_17.2/share/pcb/pcb_lib/symbols 
           C:/Cadence/SPB_17.2/share/pcb/allegrolib/symbols 


------ Summary Statistics ------


netrev run on Apr 4 19:37:06 2018
   DESIGN NAME : 'SCHEMATIC'
   PACKAGING ON Jan 28 2018 21:39:09

   COMPILE 'logic'
   CHECK_PIN_NAMES OFF
   CROSS_REFERENCE OFF
   FEEDBACK OFF
   INCREMENTAL OFF
   INTERFACE_TYPE PHYSICAL
   MAX_ERRORS 500
   MERGE_MINIMUM 5
   NET_NAME_CHARS '#%&()*+-./:=>?@[]^_`|'
   NET_NAME_LENGTH 24
   OVERSIGHTS ON
   REPLACE_CHECK OFF
   SINGLE_NODE_NETS ON
   SPLIT_MINIMUM 0
   SUPPRESS   20
   WARNINGS ON

 No error detected
 No oversight detected
 No warning detected

cpu time      0:00:36
elapsed time  0:00:00

